This is pdfTeX, Version 3.1415926-1.40.10 (TeX Live 2009/Debian) (format=pdflatex 2014.6.25)  13 AUG 2014 20:48
entering extended mode
 %&-line parsing enabled.
**Resume.tex
(./Resume.tex
LaTeX2e <2009/09/24>
Babel <v3.8l> and hyphenation patterns for english, usenglishmax, dumylang, noh
yphenation, loaded.
(/usr/share/texmf-texlive/tex/latex/base/article.cls
Document Class: article 2007/10/19 v1.4h Standard LaTeX document class
(/usr/share/texmf-texlive/tex/latex/base/size10.clo
File: size10.clo 2007/10/19 v1.4h Standard LaTeX file (size option)
)
\c@part=\count79
\c@section=\count80
\c@subsection=\count81
\c@subsubsection=\count82
\c@paragraph=\count83
\c@subparagraph=\count84
\c@figure=\count85
\c@table=\count86
\abovecaptionskip=\skip41
\belowcaptionskip=\skip42
\bibindent=\dimen102
)
(/usr/share/texmf-texlive/tex/latex/graphics/color.sty
Package: color 2005/11/14 v1.0j Standard LaTeX Color (DPC)

(/etc/texmf/tex/latex/config/color.cfg
File: color.cfg 2007/01/18 v1.5 color configuration of teTeX/TeXLive
)
Package color Info: Driver file: pdftex.def on input line 130.

(/usr/share/texmf-texlive/tex/latex/pdftex-def/pdftex.def
File: pdftex.def 2010/03/12 v0.04p Graphics/color for pdfTeX
\Gread@gobject=\count87
)) (./Resume.aux)
\openout1 = `Resume.aux'.

LaTeX Font Info:    Checking defaults for OML/cmm/m/it on input line 44.
LaTeX Font Info:    ... okay on input line 44.
LaTeX Font Info:    Checking defaults for T1/cmr/m/n on input line 44.
LaTeX Font Info:    ... okay on input line 44.
LaTeX Font Info:    Checking defaults for OT1/cmr/m/n on input line 44.
LaTeX Font Info:    ... okay on input line 44.
LaTeX Font Info:    Checking defaults for OMS/cmsy/m/n on input line 44.
LaTeX Font Info:    ... okay on input line 44.
LaTeX Font Info:    Checking defaults for OMX/cmex/m/n on input line 44.
LaTeX Font Info:    ... okay on input line 44.
LaTeX Font Info:    Checking defaults for U/cmr/m/n on input line 44.
LaTeX Font Info:    ... okay on input line 44.

(/usr/share/texmf-texlive/tex/context/base/supp-pdf.mkii
[Loading MPS to PDF converter (version 2006.09.02).]
\scratchcounter=\count88
\scratchdimen=\dimen103
\scratchbox=\box26
\nofMPsegments=\count89
\nofMParguments=\count90
\everyMPshowfont=\toks14
\MPscratchCnt=\count91
\MPscratchDim=\dimen104
\MPnumerator=\count92
\everyMPtoPDFconversion=\toks15
)
LaTeX Font Info:    External font `cmex10' loaded for size
(Font)              <7> on input line 46.
LaTeX Font Info:    External font `cmex10' loaded for size
(Font)              <5> on input line 46.

Overfull \hbox (124.755pt too wide) in paragraph at lines 46--51
[][]  
 []

LaTeX Font Info:    External font `cmex10' loaded for size
(Font)              <12> on input line 55.
LaTeX Font Info:    External font `cmex10' loaded for size
(Font)              <8> on input line 55.
LaTeX Font Info:    External font `cmex10' loaded for size
(Font)              <6> on input line 55.

Overfull \hbox (6.0pt too wide) in paragraph at lines 55--56
[][][][][][][]  
 []

LaTeX Font Info:    Try loading font information for OMS+cmr on input line 58.
(/usr/share/texmf-texlive/tex/latex/base/omscmr.fd
File: omscmr.fd 1999/05/25 v2.5h Standard LaTeX font definitions
)
LaTeX Font Info:    Font shape `OMS/cmr/m/n' in size <10> not available
(Font)              Font shape `OMS/cmsy/m/n' tried instead on input line 58.

Overfull \hbox (113.62004pt too wide) in paragraph at lines 58--59
[]  
 []


Overfull \hbox (113.62004pt too wide) in paragraph at lines 61--62
[]  
 []


Overfull \hbox (113.62004pt too wide) in paragraph at lines 64--65
[]  
 []


Overfull \hbox (6.0pt too wide) in paragraph at lines 70--71
[][][][][][][]  
 []


Overfull \hbox (113.62004pt too wide) in paragraph at lines 74--75
[]  
 []


Overfull \hbox (113.62004pt too wide) in paragraph at lines 80--81
[]  
 []


Overfull \hbox (113.62004pt too wide) in paragraph at lines 85--86
[]  
 []


Overfull \hbox (113.62004pt too wide) in paragraph at lines 92--93
[]  
 []


Overfull \hbox (113.62004pt too wide) in paragraph at lines 98--99
[]  
 []


Overfull \hbox (6.0pt too wide) in paragraph at lines 105--106
[][][][][][][]  
 []


Overfull \hbox (6.0pt too wide) in paragraph at lines 112--113
[][][][][][][]  
 []

[1

{/var/lib/texmf/fonts/map/pdftex/updmap/pdftex.map}]
Overfull \hbox (6.0pt too wide) in paragraph at lines 119--120
[][][][][][][]  
 []

[2]
Overfull \hbox (6.0pt too wide) in paragraph at lines 131--132
[][][][][][][]  
 []


Overfull \hbox (113.62004pt too wide) in paragraph at lines 134--135
[]  
 []


Overfull \hbox (113.62004pt too wide) in paragraph at lines 141--142
[]  
 []


Overfull \hbox (113.62004pt too wide) in paragraph at lines 148--149
[]  
 []


Overfull \hbox (113.62004pt too wide) in paragraph at lines 154--155
[]  
 []


Overfull \hbox (113.62004pt too wide) in paragraph at lines 161--162
[]  
 []


Overfull \hbox (113.62004pt too wide) in paragraph at lines 168--169
[]  
 []


Overfull \hbox (113.62004pt too wide) in paragraph at lines 175--176
[]  
 []


Overfull \hbox (113.62004pt too wide) in paragraph at lines 182--183
[]  
 []

[3]
Overfull \hbox (113.62004pt too wide) in paragraph at lines 189--190
[]  
 []


Overfull \hbox (6.0pt too wide) in paragraph at lines 196--197
[][][][][][][]  
 []

[4] (./Resume.aux) ) 
Here is how much of TeX's memory you used:
 783 strings out of 495061
 9655 string characters out of 1182621
 63082 words of memory out of 3000000
 4015 multiletter control sequences out of 15000+50000
 7337 words of font info for 26 fonts, out of 3000000 for 9000
 28 hyphenation exceptions out of 8191
 23i,7n,22p,499b,247s stack positions out of 5000i,500n,10000p,200000b,50000s
</usr/share/texmf-texlive/fonts/type1/public/amsfonts/cm/cm
bx10.pfb></usr/share/texmf-texlive/fonts/type1/public/amsfonts/cm/cmbx12.pfb></
usr/share/texmf-texlive/fonts/type1/public/amsfonts/cm/cmr10.pfb></usr/share/te
xmf-texlive/fonts/type1/public/amsfonts/cm/cmsy10.pfb></usr/share/texmf-texlive
/fonts/type1/public/amsfonts/cm/cmti10.pfb>
Output written on Resume.pdf (4 pages, 93140 bytes).
PDF statistics:
 35 PDF objects out of 1000 (max. 8388607)
 0 named destinations out of 1000 (max. 500000)
 1 words of extra memory for PDF output out of 10000 (max. 10000000)

